[2015.07.10-05.47.39:106][  0]Log file open, 07/09/15 22:47:39
[2015.07.10-05.47.39:106][  0]LogInit:Display: Running engine for game: ShootyShoot
[2015.07.10-05.47.39:106][  0]LogInit:Display: RandInit(359672978) SRandInit(359672979).
[2015.07.10-05.47.39:106][  0]LogTaskGraph: Started task graph with 4 named threads and 7 total threads.
[2015.07.10-05.47.39:106][  0]LogStats: Stats thread started
[2015.07.10-05.47.39:106][  0]LogInit: Version: 4.8.1-2591939+++depot+UE4-Releases+4.8
[2015.07.10-05.47.39:106][  0]LogInit: API Version: 2579680
[2015.07.10-05.47.39:106][  0]LogInit: Compiled (64-bit): Jun 18 2015 11:02:04
[2015.07.10-05.47.39:106][  0]LogInit: Compiled with Visual C++: 18.00.21005.01
[2015.07.10-05.47.39:106][  0]LogInit: Build Configuration: Development
[2015.07.10-05.47.39:106][  0]LogInit: Branch Name: ++depot+UE4-Releases+4.8
[2015.07.10-05.47.39:106][  0]LogInit: Command line:  
[2015.07.10-05.47.39:106][  0]LogInit: Base directory: C:/Program Files/Epic Games/4.8/Engine/Binaries/Win64/
[2015.07.10-05.47.39:106][  0]LogInit: Rocket: 1
[2015.07.10-05.47.39:120][  0]LogInit: Using libcurl 7.41.0
[2015.07.10-05.47.39:120][  0]LogInit:  - built for x86_64-pc-win32
[2015.07.10-05.47.39:120][  0]LogInit:  - supports SSL with WinSSL
[2015.07.10-05.47.39:120][  0]LogInit:  - other features:
[2015.07.10-05.47.39:120][  0]LogInit:      CURL_VERSION_SSL
[2015.07.10-05.47.39:120][  0]LogInit:      CURL_VERSION_IPV6
[2015.07.10-05.47.39:120][  0]LogInit:      CURL_VERSION_ASYNCHDNS
[2015.07.10-05.47.39:120][  0]LogInit:      CURL_VERSION_LARGEFILE
[2015.07.10-05.47.39:120][  0]LogInit:      CURL_VERSION_IDN
[2015.07.10-05.47.39:121][  0]LogInit:  CurlRequestOptions (configurable via config and command line):
[2015.07.10-05.47.39:121][  0]LogInit:  - bVerifyPeer = true  - Libcurl will verify peer certificate
[2015.07.10-05.47.39:121][  0]LogInit:  - bUseHttpProxy = false  - Libcurl will NOT use HTTP proxy
[2015.07.10-05.47.39:121][  0]LogInit:  - bDontReuseConnections = false  - Libcurl will reuse connections
[2015.07.10-05.47.39:121][  0]LogInit:  - CertBundlePath = nullptr  - Libcurl will use whatever was configured at build time.
[2015.07.10-05.47.39:132][  0]LogOnline:Warning: No default platform service specified for OnlineSubsystem
[2015.07.10-05.47.39:158][  0]LogInit: Presizing for 0 objects not considered by GC, pre-allocating 0 bytes.
[2015.07.10-05.47.39:171][  0]LogInit: Object subsystem initialized
[2015.07.10-05.47.39:180][  0]LogConsoleResponse:Warning: Skipping Unknown console variable: 'TranslucentSortAxis = (X=0.000000,Y=-1.000000,Z=0.000000)'
[2015.07.10-05.47.39:180][  0]LogConsoleResponse:Warning:   Found in ini file 'D:/projects/Games/Tests/ShootyShoot/Saved/Config/Windows/Engine.ini', in section '[/Script/Engine.RendererSettings]'
[2015.07.10-05.47.39:180][  0]LogConsoleResponse:Warning: Skipping Unknown console variable: 'UIScaleRule = ShortestSide'
[2015.07.10-05.47.39:180][  0]LogConsoleResponse:Warning:   Found in ini file 'D:/projects/Games/Tests/ShootyShoot/Saved/Config/Windows/Engine.ini', in section '[/Script/Engine.RendererSettings]'
[2015.07.10-05.47.39:180][  0]LogConsoleResponse:Warning: Skipping Unknown console variable: 'UIScaleCurve = (EditorCurveData=(Keys=),ExternalCurve=None)'
[2015.07.10-05.47.39:180][  0]LogConsoleResponse:Warning:   Found in ini file 'D:/projects/Games/Tests/ShootyShoot/Saved/Config/Windows/Engine.ini', in section '[/Script/Engine.RendererSettings]'
[2015.07.10-05.47.39:187][  0]LogInit: Selected Device Profile: [Windows]
[2015.07.10-05.47.39:187][  0]LogInit: Applying CVar settings loaded from the selected device profile: [Windows]
[2015.07.10-05.47.39:214][  0]LogInit: Computer: SVEN
[2015.07.10-05.47.39:214][  0]LogInit: User: garre000
[2015.07.10-05.47.39:214][  0]LogInit: CPU Page size=4096, Cores=4
[2015.07.10-05.47.39:214][  0]LogInit: High frequency timer resolution =2.435775 MHz
[2015.07.10-05.47.39:214][  0]LogMemory: Memory total: Physical=11.9GB (12GB approx)
[2015.07.10-05.47.39:214][  0]LogMemory: Platform Memory Stats for Windows
[2015.07.10-05.47.39:214][  0]LogMemory: Process Physical Memory: 47.81 MB used, 47.81 MB peak
[2015.07.10-05.47.39:214][  0]LogMemory: Process Virtual Memory: 24.33 MB used, 24.33 MB peak
[2015.07.10-05.47.39:214][  0]LogMemory: Physical Memory: 2646.74 MB used, 12206.96 MB total
[2015.07.10-05.47.39:214][  0]LogMemory: Virtual Memory: 297.82 MB used, 134217728.00 MB total
[2015.07.10-05.47.39:535][  0]LogTextLocalizationManager: The requested culture ('en_US') has no localization data; parent culture's ('en') localization data will be used.
[2015.07.10-05.47.39:723][  0]LogTextLocalizationManager:Warning: Loaded localization resources contain conflicting entries for (Namespace:ContentBrowser, Key:ImportAssetToolTip):
Localization Resource: (C:/Program Files/Epic Games/4.8/Engine/Content/Localization/Editor/en/Editor.locres) Source String Hash: (-630476809) Localized String: (Import to {0}...)
Localization Resource: (C:/Program Files/Epic Games/4.8/Engine/Content/Localization/Editor/en/Editor.locres) Source String Hash: (1271782899) Localized String: (Imports an asset from file to this folder.)
[2015.07.10-05.47.40:271][  0]LogD3D11RHI: Found D3D11 adapter 0: NVIDIA GeForce GTX 860M  (Feature Level 11_0)
[2015.07.10-05.47.40:271][  0]LogD3D11RHI: Adapter has 1985MB of dedicated video memory, 0MB of dedicated system memory, and 2048MB of shared system memory, 2 output[s]
[2015.07.10-05.47.40:277][  0]LogD3D11RHI: Found D3D11 adapter 1: Intel(R) HD Graphics 4600 (Feature Level 11_0)
[2015.07.10-05.47.40:277][  0]LogD3D11RHI: Adapter has 0MB of dedicated video memory, 0MB of dedicated system memory, and 1792MB of shared system memory, 0 output[s]
[2015.07.10-05.47.40:278][  0]LogD3D11RHI: Found D3D11 adapter 2: Microsoft Basic Render Driver (Feature Level 11_0)
[2015.07.10-05.47.40:278][  0]LogD3D11RHI: Adapter has 0MB of dedicated video memory, 0MB of dedicated system memory, and 256MB of shared system memory, 0 output[s]
[2015.07.10-05.47.40:278][  0]LogD3D11RHI: Chosen D3D11 Adapter Id = 0
[2015.07.10-05.47.40:282][  0]LogRHI: Texture pool is 1361 MB (70% of 1945 MB)
[2015.07.10-05.47.40:291][  0]LogD3D11RHI: Async texture creation enabled
[2015.07.10-05.47.40:325][  0]LogShaderCompilers:Display: Using Local Shader Compiler.
[2015.07.10-05.47.41:248][  0]LogTemp:Display: Loaded TP DesktopTargetPlatform
[2015.07.10-05.47.41:263][  0]LogTemp:Display: Loaded TP WindowsClientTargetPlatform
[2015.07.10-05.47.41:277][  0]LogTemp:Display: Loaded TP WindowsNoEditorTargetPlatform
[2015.07.10-05.47.41:292][  0]LogTemp:Display: Loaded TP WindowsServerTargetPlatform
[2015.07.10-05.47.41:308][  0]LogTemp:Display: Loaded TP WindowsTargetPlatform
[2015.07.10-05.47.41:321][  0]LogTemp:Display: Loaded TP AndroidTargetPlatform
[2015.07.10-05.47.41:333][  0]LogTemp:Display: Loaded TP Android_ASTCTargetPlatform
[2015.07.10-05.47.41:346][  0]LogTemp:Display: Loaded TP Android_ATCTargetPlatform
[2015.07.10-05.47.41:359][  0]LogTemp:Display: Loaded TP Android_DXTTargetPlatform
[2015.07.10-05.47.41:372][  0]LogTemp:Display: Loaded TP Android_ETC1TargetPlatform
[2015.07.10-05.47.41:384][  0]LogTemp:Display: Loaded TP Android_ETC2TargetPlatform
[2015.07.10-05.47.41:399][  0]LogTemp:Display: Loaded TP Android_PVRTCTargetPlatform
[2015.07.10-05.47.41:450][  0]LogTemp:Display: Loaded TP IOSTargetPlatform
[2015.07.10-05.47.41:463][  0]LogTemp:Display: Loaded TP LinuxNoEditorTargetPlatform
[2015.07.10-05.47.41:476][  0]LogTemp:Display: Loaded TP LinuxServerTargetPlatform
[2015.07.10-05.47.41:491][  0]LogTemp:Display: Loaded TP LinuxTargetPlatform
[2015.07.10-05.47.41:491][  0]LogTargetPlatformManager:Display: Building Assets For Windows
[2015.07.10-05.47.41:747][  0]LogDerivedDataCache:Display: Max Cache Size: 512 MB
[2015.07.10-05.47.41:880][  0]LogDerivedDataCache: Loaded boot cache 0.13s 53MB C:/Users/garre_000/AppData/Local/UnrealEngine/4.8/DerivedDataCache/Boot.ddc.
[2015.07.10-05.47.41:880][  0]LogDerivedDataCache:Display: Loaded Boot cache: C:/Users/garre_000/AppData/Local/UnrealEngine/4.8/DerivedDataCache/Boot.ddc
[2015.07.10-05.47.41:880][  0]LogDerivedDataCache: FDerivedDataBackendGraph:  Pak pak cache file D:/projects/Games/Tests/ShootyShoot/DerivedDataCache/DDC.ddp not found, will not use a pak cache.
[2015.07.10-05.47.41:880][  0]LogDerivedDataCache: Unable to find inner node Pak for hierarchical cache Hierarchy.
[2015.07.10-05.47.41:880][  0]LogDerivedDataCache: FDerivedDataBackendGraph:  CompressedPak pak cache file D:/projects/Games/Tests/ShootyShoot/DerivedDataCache/Compressed.ddp not found, will not use a pak cache.
[2015.07.10-05.47.41:880][  0]LogDerivedDataCache: Unable to find inner node CompressedPak for hierarchical cache Hierarchy.
[2015.07.10-05.47.42:024][  0]LogDerivedDataCache:Display: Pak cache opened for reading ../../../Engine/DerivedDataCache/Compressed.ddp.
[2015.07.10-05.47.42:036][  0]LogDerivedDataCache: Using Local data cache path C:/Users/garre_000/AppData/Local/UnrealEngine/Common/DerivedDataCache: Writable
[2015.07.10-05.47.42:576][  0]LogInit: Selected Device Profile: [Windows]
[2015.07.10-05.47.42:705][  0]ImportText (ComponentSweepMultiTests): Missing closing parenthesis: (RootShapeAsset="/Engine/BasicShapes/Cube.Cube",ShapeType="TriggerCapsule",HitResult=(Time=0.50,Location=(X=-100.000015,Y=0.0,Z=100.000015),ImpactPoint=(X=-50.0,Y=0.0,Z=50.0),Normal=(X=-1.0,Y=-0.0,Z=0.0),ImpactNormal=(X=0.0,Y=0.0,Z=1.0),TraceStart=(X=-200.0,Y=0.0,Z=200.0),TraceEnd=(X=0.0,Y=0.0,Z=0.0))
[2015.07.10-05.47.42:706][  0]ImportText (LineTraceSingleByChannelTests): Missing closing parenthesis: (RootShapeAsset="/Engine/BasicShapes/Cube.Cube",HitResult=(Time=0.50,Location=(X=-100.000015,Y=0.0,Z=100.000015),ImpactPoint=(X=-50.0,Y=0.0,Z=50.0),Normal=(X=-1.0,Y=-0.0,Z=0.0),ImpactNormal=(X=0.0,Y=0.0,Z=1.0),TraceStart=(X=-200.0,Y=0.0,Z=200.0),TraceEnd=(X=0.0,Y=0.0,Z=0.0))
[2015.07.10-05.47.42:744][  0]LogMeshUtilities: No automatic mesh reduction module available
[2015.07.10-05.47.42:744][  0]LogMeshUtilities: No automatic mesh merging module available
[2015.07.10-05.47.43:245][  0]LogInit: WinSock: version 1.1 (2.2), MaxSocks=32767, MaxUdp=65467
[2015.07.10-05.47.45:058][  0]UdpMessaging: Initializing bridge on interface 0.0.0.0:0 to multicast group 230.0.0.1:6666.
[2015.07.10-05.47.45:547][  0]SourceControl: Info Source control is disabled
[2015.07.10-05.47.45:548][  0]SourceControl: Info Source control is disabled
[2015.07.10-05.47.45:560][  0]SourceControl: Info Source control is disabled
[2015.07.10-05.47.45:573][  0]SourceControl: Info Source control is disabled
[2015.07.10-05.47.45:853][  0]LogObj: 26273 objects as part of root set at end of initial load.
[2015.07.10-05.47.45:853][  0]LogUObjectAllocator: 5409248 out of 0 bytes used by permanent object pool.
[2015.07.10-05.47.45:952][  0]LogEngine: Initializing Engine...
[2015.07.10-05.47.45:955][  0]LogHMD: Can't find Oculus library dev build: is proper Runtime installed? Version: 0.6.0.0
[2015.07.10-05.47.45:958][  0]LogHMD:Warning: SteamVR failed to initialize.  Error: 110
[2015.07.10-05.47.46:144][  0]LogAIModule: Creating AISystem for world NewWorld
[2015.07.10-05.47.46:156][  0]LogInit: XAudio2 using 'Headset Earphone (Corsair Gaming H2100 Headset)' : 2 channels at 44.1 kHz using 16 bits per sample (channel mask 0x3)
[2015.07.10-05.47.46:165][  0]LogInit: FAudioDevice initialized.
[2015.07.10-05.47.46:188][  0]LogDerivedDataCache: Saved boot cache 0.02s 53MB C:/Users/garre_000/AppData/Local/UnrealEngine/4.8/DerivedDataCache/Boot.ddc.
[2015.07.10-05.47.46:191][  0]LogInit: Texture streaming: Disabled
[2015.07.10-05.47.46:213][  0]LogAnalytics: Creating configured Analytics provider AnalyticsET
[2015.07.10-05.47.46:214][  0]LogAnalytics: [UEEditor.Rocket.Release] APIServer = http://et2.epicgames.com/ET2/. AppVersion = 4.8.1-2591939+++depot+UE4-Releases+4.8
[2015.07.10-05.47.46:214][  0]LogAnalytics: [UEEditor.Rocket.Release] SetUserId c89a72d4419b5247e9dd60b477e8fe3b|26f8d786b432459c8aa4ddd4c0f99680|364bf4d8-4bbe-4c1e-abf6-e78c79f1106f
[2015.07.10-05.47.46:214][  0]LogAnalytics: [UEEditor.Rocket.Release] AnalyticsET::StartSession
[2015.07.10-05.47.46:262][  0]LogInit: Transaction tracking system initialized
[2015.07.10-05.47.46:393][  0]BlueprintLog: New page: Editor Load
[2015.07.10-05.47.46:431][  0]LogAssetRegistry: FAssetRegistry took 0.0120 seconds to start up
[2015.07.10-05.47.46:432][  0]LogDirectoryWatcher:Warning: Failed to begin reading directory changes for ../../../Engine/Plugins/Experimental/CharacterAI/Content/. Error: 0
[2015.07.10-05.47.47:322][  0]LogLinker:Warning: Asset '../../../Engine/Content/Tutorial/Mobile/SettingUpAndroidTutorial.uasset' has been saved with empty engine version. The asset will be loaded but may be incompatible.
[2015.07.10-05.47.47:390][  0]LogConsoleManager:Warning: Console variable 'r.VSync' wasn't set ('GameSetting' has a lower priority than 'SystemSettingsIni')
[2015.07.10-05.47.47:390][  0]LogConsoleResponse:Display: 
[2015.07.10-05.47.47:515][  0]LogCook:Display: Done creating registry. It took  0.00s.
[2015.07.10-05.47.47:700][  0]SourceControl: Info Source control is disabled
[2015.07.10-05.47.47:702][  0]Cmd: MAP LOAD FILE="D:/projects/Games/Tests/ShootyShoot/Content/TopDownBP/Maps/TopDownExampleMap.umap" TEMPLATE=0 SHOWPROGRESS=1 FEATURELEVEL=3
[2015.07.10-05.47.47:702][  0]LightingResults: New page: Lighting Build
[2015.07.10-05.47.47:717][  0]MapCheck: New page: Map Check
[2015.07.10-05.47.47:717][  0]LightingResults: New page: Lighting Build
[2015.07.10-05.47.47:728][  0]LogParticles: Destroying 0 GPU particle simulations for FXSystem 0x000000565D0FCB80
[2015.07.10-05.47.48:573][  0]LogLinker:Warning: Can't find file '/Game/TopDownBP/Blueprints/Projectile/Projectile'
[2015.07.10-05.47.48:573][  0]LogLinker:Warning: Can't find file for asset '/Game/TopDownBP/Blueprints/Projectile/Projectile' while loading D:/projects/Games/Tests/ShootyShoot/Content/TopDownBP/Blueprints/TopDownController.uasset.
[2015.07.10-05.47.48:573][  0]LoadErrors:Error: Error /Game/TopDownBP/Blueprints/TopDownController : Can't find file for asset. /Game/TopDownBP/Blueprints/Projectile/Projectile
[2015.07.10-05.47.48:575][  0]LogLinker:Warning: Can't find file '/Game/TopDownBP/Blueprints/Projectile/Projectile'
[2015.07.10-05.47.48:575][  0]LogLinker:Warning: Can't find file for asset '/Game/TopDownBP/Blueprints/Projectile/Projectile' while loading D:/projects/Games/Tests/ShootyShoot/Content/TopDownBP/Blueprints/TopDownController.uasset.
[2015.07.10-05.47.48:575][  0]LoadErrors:Error: Error /Game/TopDownBP/Blueprints/TopDownController : Can't find file for asset. /Game/TopDownBP/Blueprints/Projectile/Projectile
[2015.07.10-05.47.48:580][  0]LogLinker:Warning: Can't find file '/Game/TopDownBP/Blueprints/Projectile/Projectile'
[2015.07.10-05.47.48:580][  0]LogLinker:Warning: Can't find file for asset '/Game/TopDownBP/Blueprints/Projectile/Projectile' while loading D:/projects/Games/Tests/ShootyShoot/Content/TopDownBP/Blueprints/TopDownGameMode.uasset.
[2015.07.10-05.47.48:580][  0]LoadErrors:Error: Error /Game/TopDownBP/Blueprints/TopDownGameMode : Can't find file for asset. /Game/TopDownBP/Blueprints/Projectile/Projectile
[2015.07.10-05.47.48:580][  0]LogLinker:Warning: Can't find file '/Game/TopDownBP/Blueprints/Projectile/Projectile'
[2015.07.10-05.47.48:580][  0]LogLinker:Warning: Can't find file for asset '/Game/TopDownBP/Blueprints/Projectile/Projectile' while loading D:/projects/Games/Tests/ShootyShoot/Content/TopDownBP/Blueprints/TopDownGameMode.uasset.
[2015.07.10-05.47.48:580][  0]LoadErrors:Error: Error /Game/TopDownBP/Blueprints/TopDownGameMode : Can't find file for asset. /Game/TopDownBP/Blueprints/Projectile/Projectile
[2015.07.10-05.47.48:580][  0]LogLinker:Warning: Can't find file '/Game/TopDownBP/Blueprints/Projectile/Projectile'
[2015.07.10-05.47.48:580][  0]LogLinker:Warning: Can't find file for asset '/Game/TopDownBP/Blueprints/Projectile/Projectile' while loading D:/projects/Games/Tests/ShootyShoot/Content/TopDownBP/Blueprints/TopDownGameMode.uasset.
[2015.07.10-05.47.48:580][  0]LoadErrors:Error: Error /Game/TopDownBP/Blueprints/TopDownGameMode : Can't find file for asset. /Game/TopDownBP/Blueprints/Projectile/Projectile
[2015.07.10-05.47.48:585][  0]LogLinker:Warning: Can't find file '/Game/TopDownBP/Blueprints/Projectile/Projectile'
[2015.07.10-05.47.48:585][  0]LoadErrors: Info Failed to load /Game/TopDownBP/Blueprints/Projectile/Projectile.Projectile_C Referenced by EdGraphPin_20118
[2015.07.10-05.47.48:585][  0]LogLinker:Warning: Can't find file for asset '/Game/TopDownBP/Blueprints/Projectile/Projectile' while loading D:/projects/Games/Tests/ShootyShoot/Content/TopDownBP/Blueprints/TopDownGameMode.uasset.
[2015.07.10-05.47.48:585][  0]LoadErrors: Info Failed to load /Game/TopDownBP/Blueprints/Projectile/Projectile.Projectile_C Referenced by EdGraphPin_20118
[2015.07.10-05.47.48:585][  0]LoadErrors:Error: Error /Game/TopDownBP/Blueprints/TopDownGameMode : Can't find file for asset. /Game/TopDownBP/Blueprints/Projectile/Projectile
[2015.07.10-05.47.48:585][  0]LogLinker:Warning: Can't find file '/Game/TopDownBP/Blueprints/Projectile/Projectile'
[2015.07.10-05.47.48:585][  0]LoadErrors: Info Failed to load /Game/TopDownBP/Blueprints/Projectile/Projectile.Projectile_C Referenced by EdGraphPin_20122
[2015.07.10-05.47.48:585][  0]LogLinker:Warning: Can't find file for asset '/Game/TopDownBP/Blueprints/Projectile/Projectile' while loading D:/projects/Games/Tests/ShootyShoot/Content/TopDownBP/Blueprints/TopDownGameMode.uasset.
[2015.07.10-05.47.48:585][  0]LoadErrors: Info Failed to load /Game/TopDownBP/Blueprints/Projectile/Projectile.Projectile_C Referenced by EdGraphPin_20122
[2015.07.10-05.47.48:585][  0]LoadErrors:Error: Error /Game/TopDownBP/Blueprints/TopDownGameMode : Can't find file for asset. /Game/TopDownBP/Blueprints/Projectile/Projectile
[2015.07.10-05.47.48:628][  0]LogBlueprint:Error: [compiler TopDownController] Error Spawn node  SpawnActor NONE  must have a class specified.
[2015.07.10-05.47.48:641][  0]LogBlueprint:Warning: [compiler TopDownController] Warning [0011.49] Compile of TopDownController failed. 1 Fatal Issue(s) 0 Warning(s) [in 30 ms]
[2015.07.10-05.47.48:641][  0]LogBlueprint:Warning: [compiler TopDownController] Warning [0011.49] Compile of TopDownController failed. 1 Fatal Issue(s) 1 Warning(s) [in 0 ms]
[2015.07.10-05.47.48:641][  0]LogBlueprint:Warning: [compiler TopDownController] Warning [0011.49] Compile of TopDownController failed. 1 Fatal Issue(s) 2 Warning(s) [in 0 ms]
[2015.07.10-05.47.49:263][  0]LogAIModule: Creating AISystem for world TopDownExampleMap
[2015.07.10-05.47.49:296][  0]LogEditorServer: Finished looking for orphan Actors (0.000 secs)
[2015.07.10-05.47.49:298][  0]Cmd: MAP CHECKDEP NOCLEARLOG
[2015.07.10-05.47.49:328][  0]MapCheck: Info Map check complete: 0 Error(s), 0 Warning(s), took 30.366ms to complete.
[2015.07.10-05.47.49:328][  0]LogFileHelpers: Loading map 'TopDownExampleMap' took 1.627
[2015.07.10-05.47.49:457][  0]LogCollectionManager: Loaded 0 collections in 0.001793 seconds
[2015.07.10-05.47.49:465][  0]LogContentBrowser: Native class hierarchy populated in 0.0072 seconds. Added 1792 classes and 301 folders.
[2015.07.10-05.47.49:519][  0]LogContentBrowser: Native class hierarchy updated for 'WidgetCarousel' in 0.0003 seconds. Added 0 classes and 0 folders.
[2015.07.10-05.47.49:570][  0]LogContentBrowser: Native class hierarchy updated for 'AddContentDialog' in 0.0003 seconds. Added 0 classes and 0 folders.
[2015.07.10-05.47.49:625][  0]LogContentBrowser: Native class hierarchy updated for 'SceneOutliner' in 0.0003 seconds. Added 1 classes and 2 folders.
[2015.07.10-05.47.49:740][  0]LogCrashTracker: Crashtracker disabled due to settings.
[2015.07.10-05.47.49:749][  0]LogUObjectGlobals:Warning: Failed to find object 'Class None.'
[2015.07.10-05.47.49:775][  0]LogLoad: Full Startup: 12.62 seconds (BP compile: 0.27 seconds)
[2015.07.10-05.47.49:871][  0]LogContentStreaming: Texture pool size is 0.000000MB
[2015.07.10-05.47.49:896][  0]LogContentStreaming: Texture pool size now 1000 MB
[2015.07.10-05.47.50:075][  0]LogRenderer: Reallocating scene render targets to support 1112x928 (Frame:2).
[2015.07.10-05.47.51:084][  5]LogAssetRegistry: Asset discovery search completed in 4.6648 seconds
[2015.07.10-05.48.19:439][654]LogLinker:Warning: Asset '../../../Engine/Content/ArtTools/RenderToTexture/Macros/RenderToTextureMacros.uasset' has been saved with empty engine version. The asset will be loaded but may be incompatible.
[2015.07.10-05.48.19:484][654]LogLinker:Warning: Asset '../../../Engine/Content/ArtTools/RenderToTexture/Enums/RenderToTexture_Enum.uasset' has been saved with empty engine version. The asset will be loaded but may be incompatible.
[2015.07.10-05.48.29:242][871]LogActorComponent: UnregisterComponent: (/Engine/Transient.CharMoveComp) Not registered. Aborting.
[2015.07.10-05.48.30:564][903]BlueprintLog: New page: Compile Projectile
[2015.07.10-05.48.30:727][903]BlueprintEditorCompileResults: Info [0053.58] Compile of Projectile successful! [in 163 ms]
[2015.07.10-05.48.31:462][921]Cmd: OBJ SAVEPACKAGE PACKAGE="/Game/TopDownBP/Blueprints/Proj/Projectile" FILE="D:/projects/Games/Tests/ShootyShoot/Content/TopDownBP/Blueprints/Proj/Projectile.uasset" SILENT=true
[2015.07.10-05.48.31:481][921]LogSavePackage: Save=16.519178ms
[2015.07.10-05.48.31:481][921]LogSavePackage: Moving 'D:/projects/Games/Tests/ShootyShoot/Saved/Projectile5BF6D63B440D27BC19516E91E2ECE29F.tmp' to 'D:/projects/Games/Tests/ShootyShoot/Content/TopDownBP/Blueprints/Proj/Projectile.uasset'
[2015.07.10-05.48.33:092][964]LogRenderer: Reallocating scene render targets to support 1144x928 (Frame:990).
[2015.07.10-05.48.41:390][214]LogSlate:Warning: Prevented a slow task dialog from being summoned while a context menu was open
[2015.07.10-05.48.55:203][693]BlueprintLog: New page: Compile TopDownController
[2015.07.10-05.48.55:294][693]LogActorComponent: UnregisterComponent: (/Engine/Transient.CharMoveComp) Not registered. Aborting.
[2015.07.10-05.48.55:353][693]BlueprintEditorCompileResults: Info [0078.20] Compile of TopDownController successful! [in 150 ms]
[2015.07.10-05.49.57:665][ 35]BlueprintLog: New page: Compile TopDownController
[2015.07.10-05.49.57:777][ 35]BlueprintEditorCompileResults: Info [0140.63] Compile of TopDownController successful! [in 111 ms]
[2015.07.10-05.50.00:969][167]Cmd: OBJ SAVEPACKAGE PACKAGE="/Game/TopDownBP/Blueprints/TopDownController" FILE="D:/projects/Games/Tests/ShootyShoot/Content/TopDownBP/Blueprints/TopDownController.uasset" SILENT=true
[2015.07.10-05.50.01:024][167]LogSavePackage: Save=50.631115ms
[2015.07.10-05.50.01:024][167]LogSavePackage: Moving 'D:/projects/Games/Tests/ShootyShoot/Saved/TopDownController7907A6DC4B667379E72CA4B68013C1AF.tmp' to 'D:/projects/Games/Tests/ShootyShoot/Content/TopDownBP/Blueprints/TopDownController.uasset'
[2015.07.10-05.50.05:391][356]Cmd: OBJ SAVEPACKAGE PACKAGE="/Game/TopDownBP/Blueprints/TopDownController" FILE="D:/projects/Games/Tests/ShootyShoot/Content/TopDownBP/Blueprints/TopDownController.uasset" SILENT=true
[2015.07.10-05.50.05:436][356]LogSavePackage: Save=43.115643ms
[2015.07.10-05.50.05:436][356]LogSavePackage: Moving 'D:/projects/Games/Tests/ShootyShoot/Saved/TopDownController8B71E2DB4FD253E712EDC299A7FC7042.tmp' to 'D:/projects/Games/Tests/ShootyShoot/Content/TopDownBP/Blueprints/TopDownController.uasset'
[2015.07.10-05.50.11:216][570]LogPlayLevel: PIE:  No blueprints needed recompiling
[2015.07.10-05.50.11:223][570]PIE: New page: PIE session: TopDownExampleMap (Jul 9, 2015, 3:50:11 PM)
[2015.07.10-05.50.11:224][570]LogPlayLevel: Creating play world package: /Game/TopDownBP/Maps/UEDPIE_0_TopDownExampleMap
[2015.07.10-05.50.11:268][570]LogPlayLevel: PIE: StaticDuplicateObject took: (0.043943s)
[2015.07.10-05.50.11:274][570]LogAIModule: Creating AISystem for world TopDownExampleMap
[2015.07.10-05.50.11:274][570]LogPlayLevel: PIE: World Init took: (0.006110s)
[2015.07.10-05.50.11:275][570]LogPlayLevel: PIE: Created PIE world by copying editor world from /Game/TopDownBP/Maps/TopDownExampleMap.TopDownExampleMap to /Game/TopDownBP/Maps/UEDPIE_0_TopDownExampleMap.TopDownExampleMap (0.050889s)
[2015.07.10-05.50.11:328][570]LogInit: XAudio2 using 'Headset Earphone (Corsair Gaming H2100 Headset)' : 2 channels at 44.1 kHz using 16 bits per sample (channel mask 0x3)
[2015.07.10-05.50.11:336][570]LogInit: FAudioDevice initialized.
[2015.07.10-05.50.11:401][570]LogWorld: Game class is 'TopDownGameMode_C'
[2015.07.10-05.50.11:410][570]LogWorld:Warning: *** WARNING - PATHS MAY NOT BE VALID ***
[2015.07.10-05.50.11:410][570]LogWorld: Bringing World /Game/TopDownBP/Maps/UEDPIE_0_TopDownExampleMap.TopDownExampleMap up for play (max tick rate 60) at 2015.07.09-22.50.11
[2015.07.10-05.50.11:410][570]LogActor:Warning: GameSession /Game/TopDownBP/Maps/UEDPIE_0_TopDownExampleMap.TopDownExampleMap:PersistentLevel.GameSession_0 has natively added scene component(s), but none of them were set as the actor's RootComponent - picking one arbitrarily
[2015.07.10-05.50.11:411][570]LogActor:Warning: GameNetworkManager /Game/TopDownBP/Maps/UEDPIE_0_TopDownExampleMap.TopDownExampleMap:PersistentLevel.GameNetworkManager_0 has natively added scene component(s), but none of them were set as the actor's RootComponent - picking one arbitrarily
[2015.07.10-05.50.11:412][570]LogWorld: Bringing up level for play took: 0.006441
[2015.07.10-05.50.11:417][570]PIE: Info Play in editor start time for /Game/TopDownBP/Maps/UEDPIE_0_TopDownExampleMap -0.508
[2015.07.10-05.50.16:892][735]LogCharacterMovement: TopDownCharacter_C_0 is stuck and failed to move!
[2015.07.10-05.50.23:281][928]LogParticles: Destroying 0 GPU particle simulations for FXSystem 0x00000056794E3060
[2015.07.10-05.51.15:059][191]LogEditorViewport: Clicking on Actor (LMB): StaticMeshActor (Cube14)
[2015.07.10-05.51.17:795][275]LogEditorViewport: Clicking on Actor (LMB): StaticMeshActor (Cube29)
[2015.07.10-05.51.19:478][325]LogEditorViewport: Clicking on Actor (LMB): StaticMeshActor (Floor)
[2015.07.10-05.51.20:748][365]LogEditorViewport: Clicking on Actor (LMB): StaticMeshActor (Cube14)
[2015.07.10-05.51.22:166][409]LogEditorViewport: Clicking on Actor (LMB): StaticMeshActor (Cube29)
[2015.07.10-05.51.24:100][468]LogEditorViewport: Clicking on Actor (LMB): StaticMeshActor (Cube14)
[2015.07.10-05.51.24:968][494]LogEditorViewport: Clicking on Actor (LMB): StaticMeshActor (Cube29)
[2015.07.10-05.51.26:137][529]LogEditorViewport: Clicking on Actor (LMB): StaticMeshActor (Cube14)
[2015.07.10-05.51.27:255][567]LogEditorViewport: Clicking on Actor (LMB): StaticMeshActor (Cube29)
[2015.07.10-05.51.37:214][999]BlueprintLog: New page: Compile TopDownController
[2015.07.10-05.51.37:347][999]BlueprintEditorCompileResults: Info [0240.20] Compile of TopDownController successful! [in 133 ms]
[2015.07.10-05.51.39:167][ 86]Cmd: OBJ SAVEPACKAGE PACKAGE="/Game/TopDownBP/Blueprints/TopDownController" FILE="D:/projects/Games/Tests/ShootyShoot/Content/TopDownBP/Blueprints/TopDownController.uasset" SILENT=true
[2015.07.10-05.51.39:216][ 86]LogSavePackage: Save=48.269238ms
[2015.07.10-05.51.39:216][ 86]LogSavePackage: Moving 'D:/projects/Games/Tests/ShootyShoot/Saved/TopDownControllerDAE1F4EF4DC55F0F314650904FEAFAEA.tmp' to 'D:/projects/Games/Tests/ShootyShoot/Content/TopDownBP/Blueprints/TopDownController.uasset'
[2015.07.10-05.51.41:389][169]LogPlayLevel: PIE:  No blueprints needed recompiling
[2015.07.10-05.51.41:389][169]PIE: New page: PIE session: TopDownExampleMap (Jul 9, 2015, 3:51:41 PM)
[2015.07.10-05.51.41:390][169]LogPlayLevel: Creating play world package: /Game/TopDownBP/Maps/UEDPIE_0_TopDownExampleMap
[2015.07.10-05.51.41:424][169]LogPlayLevel: PIE: StaticDuplicateObject took: (0.034401s)
[2015.07.10-05.51.41:425][169]LogAIModule: Creating AISystem for world TopDownExampleMap
[2015.07.10-05.51.41:426][169]LogPlayLevel: PIE: World Init took: (0.001742s)
[2015.07.10-05.51.41:426][169]LogPlayLevel: PIE: Created PIE world by copying editor world from /Game/TopDownBP/Maps/TopDownExampleMap.TopDownExampleMap to /Game/TopDownBP/Maps/UEDPIE_0_TopDownExampleMap.TopDownExampleMap (0.036428s)
[2015.07.10-05.51.41:470][169]LogInit: XAudio2 using 'Headset Earphone (Corsair Gaming H2100 Headset)' : 2 channels at 44.1 kHz using 16 bits per sample (channel mask 0x3)
[2015.07.10-05.51.41:475][169]LogInit: FAudioDevice initialized.
[2015.07.10-05.51.41:517][169]LogWorld: Game class is 'TopDownGameMode_C'
[2015.07.10-05.51.41:522][169]LogWorld:Warning: *** WARNING - PATHS MAY NOT BE VALID ***
[2015.07.10-05.51.41:522][169]LogWorld: Bringing World /Game/TopDownBP/Maps/UEDPIE_0_TopDownExampleMap.TopDownExampleMap up for play (max tick rate 60) at 2015.07.09-22.51.41
[2015.07.10-05.51.41:522][169]LogActor:Warning: GameSession /Game/TopDownBP/Maps/UEDPIE_0_TopDownExampleMap.TopDownExampleMap:PersistentLevel.GameSession_1 has natively added scene component(s), but none of them were set as the actor's RootComponent - picking one arbitrarily
[2015.07.10-05.51.41:523][169]LogActor:Warning: GameNetworkManager /Game/TopDownBP/Maps/UEDPIE_0_TopDownExampleMap.TopDownExampleMap:PersistentLevel.GameNetworkManager_1 has natively added scene component(s), but none of them were set as the actor's RootComponent - picking one arbitrarily
[2015.07.10-05.51.41:523][169]LogWorld: Bringing up level for play took: 0.005324
[2015.07.10-05.51.41:525][169]PIE: Info Play in editor start time for /Game/TopDownBP/Maps/UEDPIE_0_TopDownExampleMap -0.401
[2015.07.10-05.52.02:167][852]LogParticles: Destroying 0 GPU particle simulations for FXSystem 0x00000056794FC540
[2015.07.10-05.54.18:958][540]BlueprintLog: New page: Compile Projectile
[2015.07.10-05.54.19:135][540]BlueprintEditorCompileResults: Info [0401.98] Compile of Projectile successful! [in 175 ms]
[2015.07.10-05.54.21:757][653]Cmd: OBJ SAVEPACKAGE PACKAGE="/Game/TopDownBP/Blueprints/Proj/Projectile" FILE="D:/projects/Games/Tests/ShootyShoot/Content/TopDownBP/Blueprints/Proj/Projectile.uasset" SILENT=true
[2015.07.10-05.54.21:797][653]LogSavePackage: Save=38.628361ms
[2015.07.10-05.54.21:797][653]LogSavePackage: Moving 'D:/projects/Games/Tests/ShootyShoot/Saved/Projectile026E52E04447C50C024A9A95627D3642.tmp' to 'D:/projects/Games/Tests/ShootyShoot/Content/TopDownBP/Blueprints/Proj/Projectile.uasset'
[2015.07.10-05.54.47:271][484]LogProperty:Warning: ObjectProperty /Script/Engine.EdGraphPin:LinkedTo.LinkedTo: unresolved reference to 'EdGraphPin'K2Node_CallFunction_2225.EdGraphPin_20184''
[2015.07.10-05.55.08:759][277]BlueprintLog: New page: Compile TopDownController
[2015.07.10-05.55.08:882][277]BlueprintEditorCompileResults: Info [0451.73] Compile of TopDownController successful! [in 123 ms]
[2015.07.10-05.55.24:776][778]Cmd: OBJ SAVEPACKAGE PACKAGE="/Game/TopDownBP/Blueprints/TopDownController" FILE="D:/projects/Games/Tests/ShootyShoot/Content/TopDownBP/Blueprints/TopDownController.uasset" SILENT=true
[2015.07.10-05.55.24:830][778]LogSavePackage: Save=53.042667ms
[2015.07.10-05.55.24:830][778]LogSavePackage: Moving 'D:/projects/Games/Tests/ShootyShoot/Saved/TopDownControllerEE623F0B4143A5B03D4D3C9E92BCEB10.tmp' to 'D:/projects/Games/Tests/ShootyShoot/Content/TopDownBP/Blueprints/TopDownController.uasset'
[2015.07.10-05.55.38:060][204]Cmd: OBJ SAVEPACKAGE PACKAGE="/Game/TopDownBP/Blueprints/TopDownController" FILE="D:/projects/Games/Tests/ShootyShoot/Content/TopDownBP/Blueprints/TopDownController.uasset" SILENT=true
[2015.07.10-05.55.38:119][204]LogSavePackage: Save=58.082539ms
[2015.07.10-05.55.38:119][204]LogSavePackage: Moving 'D:/projects/Games/Tests/ShootyShoot/Saved/TopDownController53DAA7454423CEDF710675BEB794362C.tmp' to 'D:/projects/Games/Tests/ShootyShoot/Content/TopDownBP/Blueprints/TopDownController.uasset'
[2015.07.10-05.55.51:686][860]LogPlayLevel: PIE:  No blueprints needed recompiling
[2015.07.10-05.55.51:686][860]PIE: New page: PIE session: TopDownExampleMap (Jul 9, 2015, 3:55:51 PM)
[2015.07.10-05.55.51:687][860]LogPlayLevel: Creating play world package: /Game/TopDownBP/Maps/UEDPIE_0_TopDownExampleMap
[2015.07.10-05.55.51:722][860]LogPlayLevel: PIE: StaticDuplicateObject took: (0.035119s)
[2015.07.10-05.55.51:723][860]LogAIModule: Creating AISystem for world TopDownExampleMap
[2015.07.10-05.55.51:724][860]LogPlayLevel: PIE: World Init took: (0.001998s)
[2015.07.10-05.55.51:724][860]LogPlayLevel: PIE: Created PIE world by copying editor world from /Game/TopDownBP/Maps/TopDownExampleMap.TopDownExampleMap to /Game/TopDownBP/Maps/UEDPIE_0_TopDownExampleMap.TopDownExampleMap (0.037512s)
[2015.07.10-05.55.51:771][860]LogInit: XAudio2 using 'Headset Earphone (Corsair Gaming H2100 Headset)' : 2 channels at 44.1 kHz using 16 bits per sample (channel mask 0x3)
[2015.07.10-05.55.51:776][860]LogInit: FAudioDevice initialized.
[2015.07.10-05.55.51:816][860]LogWorld: Game class is 'TopDownGameMode_C'
[2015.07.10-05.55.51:822][860]LogWorld:Warning: *** WARNING - PATHS MAY NOT BE VALID ***
[2015.07.10-05.55.51:822][860]LogWorld: Bringing World /Game/TopDownBP/Maps/UEDPIE_0_TopDownExampleMap.TopDownExampleMap up for play (max tick rate 60) at 2015.07.09-22.55.51
[2015.07.10-05.55.51:822][860]LogActor:Warning: GameSession /Game/TopDownBP/Maps/UEDPIE_0_TopDownExampleMap.TopDownExampleMap:PersistentLevel.GameSession_2 has natively added scene component(s), but none of them were set as the actor's RootComponent - picking one arbitrarily
[2015.07.10-05.55.51:822][860]LogActor:Warning: GameNetworkManager /Game/TopDownBP/Maps/UEDPIE_0_TopDownExampleMap.TopDownExampleMap:PersistentLevel.GameNetworkManager_2 has natively added scene component(s), but none of them were set as the actor's RootComponent - picking one arbitrarily
[2015.07.10-05.55.51:823][860]LogWorld: Bringing up level for play took: 0.005017
[2015.07.10-05.55.51:824][860]PIE: Info Play in editor start time for /Game/TopDownBP/Maps/UEDPIE_0_TopDownExampleMap -0.101
[2015.07.10-05.55.59:083][ 75]LogParticles: Destroying 0 GPU particle simulations for FXSystem 0x000000567D39A660
[2015.07.10-05.56.08:284][432]BlueprintLog: New page: Compile TopDownController
[2015.07.10-05.56.08:398][432]BlueprintEditorCompileResults: Info [0511.25] Compile of TopDownController successful! [in 113 ms]
[2015.07.10-05.56.13:055][562]BlueprintLog: New page: Compile TopDownController
[2015.07.10-05.56.13:248][562]Cmd: OBJ SAVEPACKAGE PACKAGE="/Game/TopDownBP/Blueprints/TopDownController" FILE="D:/projects/Games/Tests/ShootyShoot/Content/TopDownBP/Blueprints/TopDownController.uasset" SILENT=true
[2015.07.10-05.56.13:308][562]LogSavePackage: Save=58.420010ms
[2015.07.10-05.56.13:308][562]LogSavePackage: Moving 'D:/projects/Games/Tests/ShootyShoot/Saved/TopDownController1B9621024F6396D46A1C6FB241351A8E.tmp' to 'D:/projects/Games/Tests/ShootyShoot/Content/TopDownBP/Blueprints/TopDownController.uasset'
[2015.07.10-05.56.13:327][562]BlueprintEditorCompileResults: Info [0516.18] Compile of TopDownController successful! [in 271 ms]
[2015.07.10-05.56.15:181][628]LogPlayLevel: PIE:  No blueprints needed recompiling
[2015.07.10-05.56.15:181][628]PIE: New page: PIE session: TopDownExampleMap (Jul 9, 2015, 3:56:15 PM)
[2015.07.10-05.56.15:181][628]LogPlayLevel: Creating play world package: /Game/TopDownBP/Maps/UEDPIE_0_TopDownExampleMap
[2015.07.10-05.56.15:215][628]LogPlayLevel: PIE: StaticDuplicateObject took: (0.033461s)
[2015.07.10-05.56.15:216][628]LogAIModule: Creating AISystem for world TopDownExampleMap
[2015.07.10-05.56.15:216][628]LogPlayLevel: PIE: World Init took: (0.001830s)
[2015.07.10-05.56.15:217][628]LogPlayLevel: PIE: Created PIE world by copying editor world from /Game/TopDownBP/Maps/TopDownExampleMap.TopDownExampleMap to /Game/TopDownBP/Maps/UEDPIE_0_TopDownExampleMap.TopDownExampleMap (0.035569s)
[2015.07.10-05.56.15:267][628]LogInit: XAudio2 using 'Headset Earphone (Corsair Gaming H2100 Headset)' : 2 channels at 44.1 kHz using 16 bits per sample (channel mask 0x3)
[2015.07.10-05.56.15:271][628]LogInit: FAudioDevice initialized.
[2015.07.10-05.56.15:310][628]LogWorld: Game class is 'TopDownGameMode_C'
[2015.07.10-05.56.15:317][628]LogWorld:Warning: *** WARNING - PATHS MAY NOT BE VALID ***
[2015.07.10-05.56.15:317][628]LogWorld: Bringing World /Game/TopDownBP/Maps/UEDPIE_0_TopDownExampleMap.TopDownExampleMap up for play (max tick rate 60) at 2015.07.09-22.56.15
[2015.07.10-05.56.15:318][628]LogActor:Warning: GameSession /Game/TopDownBP/Maps/UEDPIE_0_TopDownExampleMap.TopDownExampleMap:PersistentLevel.GameSession_3 has natively added scene component(s), but none of them were set as the actor's RootComponent - picking one arbitrarily
[2015.07.10-05.56.15:318][628]LogActor:Warning: GameNetworkManager /Game/TopDownBP/Maps/UEDPIE_0_TopDownExampleMap.TopDownExampleMap:PersistentLevel.GameNetworkManager_3 has natively added scene component(s), but none of them were set as the actor's RootComponent - picking one arbitrarily
[2015.07.10-05.56.15:319][628]LogWorld: Bringing up level for play took: 0.006251
[2015.07.10-05.56.15:320][628]PIE: Info Play in editor start time for /Game/TopDownBP/Maps/UEDPIE_0_TopDownExampleMap -0.605
[2015.07.10-05.56.39:661][458]LogParticles: Destroying 0 GPU particle simulations for FXSystem 0x000000567C673600
[2015.07.10-05.57.19:260][100]BlueprintLog: New page: Compile Projectile
[2015.07.10-05.57.19:472][100]Cmd: OBJ SAVEPACKAGE PACKAGE="/Game/TopDownBP/Blueprints/Proj/Projectile" FILE="D:/projects/Games/Tests/ShootyShoot/Content/TopDownBP/Blueprints/Proj/Projectile.uasset" SILENT=true
[2015.07.10-05.57.19:496][100]LogSavePackage: Save=23.080950ms
[2015.07.10-05.57.19:496][100]LogSavePackage: Moving 'D:/projects/Games/Tests/ShootyShoot/Saved/ProjectileF57CCFB14A0BCAA5788658BE587A2EBC.tmp' to 'D:/projects/Games/Tests/ShootyShoot/Content/TopDownBP/Blueprints/Proj/Projectile.uasset'
[2015.07.10-05.57.19:529][100]BlueprintEditorCompileResults: Info [0582.38] Compile of Projectile successful! [in 267 ms]
[2015.07.10-05.57.21:193][165]LogPlayLevel: PIE:  No blueprints needed recompiling
[2015.07.10-05.57.21:193][165]PIE: New page: PIE session: TopDownExampleMap (Jul 9, 2015, 3:57:21 PM)
[2015.07.10-05.57.21:194][165]LogPlayLevel: Creating play world package: /Game/TopDownBP/Maps/UEDPIE_0_TopDownExampleMap
[2015.07.10-05.57.21:225][165]LogPlayLevel: PIE: StaticDuplicateObject took: (0.031269s)
[2015.07.10-05.57.21:226][165]LogAIModule: Creating AISystem for world TopDownExampleMap
[2015.07.10-05.57.21:227][165]LogPlayLevel: PIE: World Init took: (0.001557s)
[2015.07.10-05.57.21:227][165]LogPlayLevel: PIE: Created PIE world by copying editor world from /Game/TopDownBP/Maps/TopDownExampleMap.TopDownExampleMap to /Game/TopDownBP/Maps/UEDPIE_0_TopDownExampleMap.TopDownExampleMap (0.033084s)
[2015.07.10-05.57.21:276][165]LogInit: XAudio2 using 'Headset Earphone (Corsair Gaming H2100 Headset)' : 2 channels at 44.1 kHz using 16 bits per sample (channel mask 0x3)
[2015.07.10-05.57.21:283][165]LogInit: FAudioDevice initialized.
[2015.07.10-05.57.21:323][165]LogWorld: Game class is 'TopDownGameMode_C'
[2015.07.10-05.57.21:329][165]LogWorld:Warning: *** WARNING - PATHS MAY NOT BE VALID ***
[2015.07.10-05.57.21:329][165]LogWorld: Bringing World /Game/TopDownBP/Maps/UEDPIE_0_TopDownExampleMap.TopDownExampleMap up for play (max tick rate 60) at 2015.07.09-22.57.21
[2015.07.10-05.57.21:329][165]LogActor:Warning: GameSession /Game/TopDownBP/Maps/UEDPIE_0_TopDownExampleMap.TopDownExampleMap:PersistentLevel.GameSession_4 has natively added scene component(s), but none of them were set as the actor's RootComponent - picking one arbitrarily
[2015.07.10-05.57.21:330][165]LogActor:Warning: GameNetworkManager /Game/TopDownBP/Maps/UEDPIE_0_TopDownExampleMap.TopDownExampleMap:PersistentLevel.GameNetworkManager_4 has natively added scene component(s), but none of them were set as the actor's RootComponent - picking one arbitrarily
[2015.07.10-05.57.21:330][165]LogWorld: Bringing up level for play took: 0.005670
[2015.07.10-05.57.21:332][165]PIE: Info Play in editor start time for /Game/TopDownBP/Maps/UEDPIE_0_TopDownExampleMap -0.593
[2015.07.10-05.57.33:038][534]LogParticles: Destroying 0 GPU particle simulations for FXSystem 0x000000567172A020
[2015.07.10-05.59.27:256][ 28]Cmd: OBJ SAVEPACKAGE PACKAGE="/Game/TopDownBP/Blueprints/Proj/Projectile" FILE="D:/projects/Games/Tests/ShootyShoot/Content/TopDownBP/Blueprints/Proj/Projectile.uasset" SILENT=true
[2015.07.10-05.59.27:293][ 28]LogSaveP